-------------------------------------------------------------------------------
Test set: Handler.TemplateHandlerTests
-------------------------------------------------------------------------------
Tests run: 5, Failures: 3, Errors: 0, Skipped: 0, Time elapsed: 16.07 s <<< FAILURE! - in Handler.TemplateHandlerTests
testGenerateSpringBootProject(Handler.TemplateHandlerTests)  Time elapsed: 15.163 s  <<< FAILURE!
org.opentest4j.AssertionFailedError: expected: <true> but was: <false>
	at Handler.TemplateHandlerTests.testGenerateSpringBootProject(TemplateHandlerTests.java:138)

testGenerateClassFromTemplates(Handler.TemplateHandlerTests)  Time elapsed: 0.594 s  <<< FAILURE!
org.opentest4j.AssertionFailedError: expected: <true> but was: <false>
	at Handler.TemplateHandlerTests.testGenerateClassFromTemplates(TemplateHandlerTests.java:95)

negTestGenerateClassFromTemplates(Handler.TemplateHandlerTests)  Time elapsed: 0 s  <<< FAILURE!
org.opentest4j.AssertionFailedError: expected: <Exception in generateClassFromTemplates() : (The system cannot find the path specified)> but was: <org.gemini.codegen.handler.TemplateHandler.generateClassFromTemplates(java.lang.String, java.lang.String, java.lang.String)>
	at Handler.TemplateHandlerTests.negTestGenerateClassFromTemplates(TemplateHandlerTests.java:105)

