-------------------------------------------------------------------------------
Test set: Handler.DirectoryHandlerTests
-------------------------------------------------------------------------------
Tests run: 10, Failures: 1, Errors: 0, Skipped: 0, Time elapsed: 27.84 s <<< FAILURE! - in Handler.DirectoryHandlerTests
testGetSchemaName(Handler.DirectoryHandlerTests)  Time elapsed: 0.131 s  <<< FAILURE!
org.opentest4j.AssertionFailedError: expected: <null> but was: <ims>
	at Handler.DirectoryHandlerTests.testGetSchemaName(DirectoryHandlerTests.java:74)

